<?xml version="1.0" encoding="UTF-8"?>
<testsuite name="censusanalyser.CensusAnalyserTest" tests="10" skipped="0" failures="0" errors="0" timestamp="2020-10-21T19:47:29" hostname="jagriti-Lenovo-ideapad-300-15ISK" time="0.609">
  <properties/>
  <testcase name="givenIndiaCensusData_withWrongHeader_shouldThrowException" classname="censusanalyser.CensusAnalyserTest" time="0.135"/>
  <testcase name="givenIndiaStateCodeData_withWrongFileType_shouldThrowException" classname="censusanalyser.CensusAnalyserTest" time="0.003"/>
  <testcase name="givenIndiaStateCode_withWrongHeader_shouldThrowException" classname="censusanalyser.CensusAnalyserTest" time="0.009"/>
  <testcase name="givenIndiaCensusData_withWrongFile_shouldThrowException" classname="censusanalyser.CensusAnalyserTest" time="0.0"/>
  <testcase name="givenIndiaCensusData_withWrongDelimiterFile_shouldThrowException" classname="censusanalyser.CensusAnalyserTest" time="0.006"/>
  <testcase name="givenIndiaCensusData_withWrongFileType_shouldThrowException" classname="censusanalyser.CensusAnalyserTest" time="0.001"/>
  <testcase name="givenIndiaStateCodeData_withWrongFile_shouldThrowException" classname="censusanalyser.CensusAnalyserTest" time="0.0"/>
  <testcase name="givenIndianStateCodeCSVFile_shouldReturnCorrectRecordsCount" classname="censusanalyser.CensusAnalyserTest" time="0.285"/>
  <testcase name="givenIndianCensusCSVFile_returnsCorrectRecords" classname="censusanalyser.CensusAnalyserTest" time="0.155"/>
  <testcase name="givenIndiaStateCodeData_withWrongDelimiterFile_shouldThrowException" classname="censusanalyser.CensusAnalyserTest" time="0.0"/>
  <system-out><![CDATA[]]></system-out>
  <system-err><![CDATA[]]></system-err>
</testsuite>
